<time>Tue 23. Aug 12:33:55 2016</time><info><log>start</log></info>
<time>Tue 23. Aug 12:33:56 2016</time><info><experiment>Experiment1</experiment></info>
<time>Tue 23. Aug 12:33:56 2016</time><info><phase>phase-test</phase><type>trial</type><task_id>INTID4</task_id></info>
<time>Tue 23. Aug 12:33:56 2016</time><info><hpc_elapsed_time>1.68737e+015</hpc_elapsed_time><elapsed_time>0</elapsed_time><interruption_type>NBack</interruption_type><start_time>0</start_time><end_time>2</end_time><show_full_screen>1</show_full_screen><external_program></external_program><auto_accept>0</auto_accept><auto_handoff>0</auto_handoff></info>
<time>Tue 23. Aug 12:33:56 2016</time><info><hpc_elapsed_time>1.68737e+015</hpc_elapsed_time><elapsed_time>57</elapsed_time><clock>start_request</clock><interval>1000</interval></info>
<time>Tue 23. Aug 12:33:57 2016</time><info><hpc_elapsed_time>950.166</hpc_elapsed_time><elapsed_time>1007</elapsed_time><call>CY54</call><type>B767</type><control>3</control><xpos>25.7776</xpos><ypos>19.9046</ypos><alt>36000</alt><vel>470</vel><head>-2.32173</head><climb>0</climb><power>0.0870236</power></info>
<time>Tue 23. Aug 12:33:57 2016</time><info><hpc_elapsed_time>950.355</hpc_elapsed_time><elapsed_time>1007</elapsed_time><call>DK55</call><type>A320</type><control>3</control><xpos>49</xpos><ypos>30.1194</ypos><alt>37000</alt><vel>470</vel><head>-1.5708</head><climb>0</climb><power>0.11249</power></info>
<time>Tue 23. Aug 12:33:57 2016</time><info><hpc_elapsed_time>950.507</hpc_elapsed_time><elapsed_time>1007</elapsed_time><call>DS48</call><type>B762</type><control>3</control><xpos>59.6389</xpos><ypos>18</ypos><alt>37500</alt><vel>500</vel><head>0</head><climb>0</climb><power>0.439313</power></info>
<time>Tue 23. Aug 12:33:57 2016</time><info><hpc_elapsed_time>950.656</hpc_elapsed_time><elapsed_time>1007</elapsed_time><call>FX41</call><type>A320</type><control>3</control><xpos>32.4</xpos><ypos>26.1333</ypos><alt>35000</alt><vel>480</vel><head>1.5708</head><climb>0</climb><power>0.153344</power></info>
<time>Tue 23. Aug 12:33:57 2016</time><info><hpc_elapsed_time>950.805</hpc_elapsed_time><elapsed_time>1007</elapsed_time><call>FX63</call><type>B764</type><control>3</control><xpos>9.86667</xpos><ypos>35</ypos><alt>35000</alt><vel>480</vel><head>3.14159</head><climb>0</climb><power>0.153344</power></info>
<time>Tue 23. Aug 12:33:57 2016</time><info><hpc_elapsed_time>950.952</hpc_elapsed_time><elapsed_time>1007</elapsed_time><call>HC42</call><type>A320</type><control>3</control><xpos>49</xpos><ypos>13.6167</ypos><alt>37000</alt><vel>480</vel><head>-1.5708</head><climb>0</climb><power>0.215253</power></info>
<time>Tue 23. Aug 12:33:57 2016</time><info><hpc_elapsed_time>951.1</hpc_elapsed_time><elapsed_time>1008</elapsed_time><call>JF87</call><type>A330</type><control>2</control><xpos>51.9361</xpos><ypos>43.9268</ypos><alt>40000</alt><vel>480</vel><head>-2.56084</head><climb>0</climb><power>0.114622</power></info>
<time>Tue 23. Aug 12:33:57 2016</time><info><hpc_elapsed_time>951.261</hpc_elapsed_time><elapsed_time>1008</elapsed_time><call>QJ02</call><type>B762</type><control>3</control><xpos>40.8667</xpos><ypos>35</ypos><alt>35000</alt><vel>480</vel><head>3.14159</head><climb>0</climb><power>0.153344</power></info>
<time>Tue 23. Aug 12:33:57 2016</time><info><hpc_elapsed_time>951.409</hpc_elapsed_time><elapsed_time>1008</elapsed_time><call>QJ75</call><type>B764</type><control>3</control><xpos>17.9167</xpos><ypos>7.88889</ypos><alt>32000</alt><vel>500</vel><head>-2.2143</head><climb>0</climb><power>0.233035</power></info>
<time>Tue 23. Aug 12:33:57 2016</time><info><hpc_elapsed_time>951.554</hpc_elapsed_time><elapsed_time>1008</elapsed_time><call>RX29</call><type>B744</type><control>3</control><xpos>34.1333</xpos><ypos>18</ypos><alt>37000</alt><vel>480</vel><head>0</head><climb>0</climb><power>-0.205697</power></info>
<time>Tue 23. Aug 12:33:57 2016</time><info><hpc_elapsed_time>951.7</hpc_elapsed_time><elapsed_time>1008</elapsed_time><call>TF18</call><type>B767</type><control>7</control><xpos>32.4</xpos><ypos>47.6333</ypos><alt>40000</alt><vel>480</vel><head>1.5708</head><climb>0</climb><power>0.288214</power></info>
<time>Tue 23. Aug 12:33:57 2016</time><info><hpc_elapsed_time>951.997</hpc_elapsed_time><elapsed_time>1008</elapsed_time><call>TH23</call><type>B762</type><control>3</control><xpos>18</xpos><ypos>30.875</ypos><alt>35000</alt><vel>450</vel><head>-1.5708</head><climb>0</climb><power>-0.111167</power></info>
<time>Tue 23. Aug 12:33:57 2016</time><info><hpc_elapsed_time>952.159</hpc_elapsed_time><elapsed_time>1009</elapsed_time><call>TK69</call><type>B744</type><control>0</control><xpos>43</xpos><ypos>0.130556</ypos><alt>37000</alt><vel>470</vel><head>1.5708</head><climb>0</climb><power>-0.36108</power></info>
<time>Tue 23. Aug 12:33:57 2016</time><info><hpc_elapsed_time>991.889</hpc_elapsed_time><elapsed_time>1049</elapsed_time><clock>tick</clock></info>
<time>Tue 23. Aug 12:33:58 2016</time><info><hpc_elapsed_time>1413.25</hpc_elapsed_time><elapsed_time>1471</elapsed_time><view>experiment</view><event>mouse_move</event><x>46.1667</x><y>18.5556</y></info>
<time>Tue 23. Aug 12:33:58 2016</time><info><hpc_elapsed_time>1443.1</hpc_elapsed_time><elapsed_time>1500</elapsed_time><view>experiment</view><event>mouse_move</event><x>46.1389</x><y>18.5556</y></info>
<time>Tue 23. Aug 12:33:58 2016</time><info><hpc_elapsed_time>1444.73</hpc_elapsed_time><elapsed_time>1502</elapsed_time><view>experiment</view><event>mouse_move</event><x>46.1389</x><y>18.5833</y></info>
<time>Tue 23. Aug 12:33:58 2016</time><info><hpc_elapsed_time>1458.04</hpc_elapsed_time><elapsed_time>1515</elapsed_time><view>experiment</view><event>mouse_move</event><x>46.0833</x><y>18.5833</y></info>
<time>Tue 23. Aug 12:33:58 2016</time><info><hpc_elapsed_time>1462.89</hpc_elapsed_time><elapsed_time>1520</elapsed_time><view>experiment</view><event>mouse_move</event><x>46.0833</x><y>18.6389</y></info>
<time>Tue 23. Aug 12:33:58 2016</time><info><hpc_elapsed_time>1466.84</hpc_elapsed_time><elapsed_time>1524</elapsed_time><view>experiment</view><event>mouse_move</event><x>46.0556</x><y>18.6389</y></info>
<time>Tue 23. Aug 12:33:58 2016</time><info><hpc_elapsed_time>1475.86</hpc_elapsed_time><elapsed_time>1533</elapsed_time><view>experiment</view><event>mouse_move</event><x>46</x><y>18.6944</y></info>
<time>Tue 23. Aug 12:33:58 2016</time><info><hpc_elapsed_time>1483.73</hpc_elapsed_time><elapsed_time>1541</elapsed_time><view>experiment</view><event>mouse_move</event><x>45.9722</x><y>18.6944</y></info>
<time>Tue 23. Aug 12:33:58 2016</time><info><hpc_elapsed_time>1491.67</hpc_elapsed_time><elapsed_time>1549</elapsed_time><view>experiment</view><event>mouse_move</event><x>45.9722</x><y>18.75</y></info>
<time>Tue 23. Aug 12:33:58 2016</time><info><hpc_elapsed_time>1493.59</hpc_elapsed_time><elapsed_time>1551</elapsed_time><view>experiment</view><event>mouse_move</event><x>45.9167</x><y>18.75</y></info>
<time>Tue 23. Aug 12:33:58 2016</time><info><hpc_elapsed_time>1501.76</hpc_elapsed_time><elapsed_time>1559</elapsed_time><view>experiment</view><event>mouse_move</event><x>45.8889</x><y>18.75</y></info>
<time>Tue 23. Aug 12:33:58 2016</time><info><hpc_elapsed_time>1509.93</hpc_elapsed_time><elapsed_time>1567</elapsed_time><view>experiment</view><event>mouse_move</event><x>45.8889</x><y>18.7778</y></info>
<time>Tue 23. Aug 12:33:58 2016</time><info><hpc_elapsed_time>1511.45</hpc_elapsed_time><elapsed_time>1569</elapsed_time><view>experiment</view><event>mouse_move</event><x>45.8333</x><y>18.7778</y></info>
<time>Tue 23. Aug 12:33:58 2016</time><info><hpc_elapsed_time>1523.71</hpc_elapsed_time><elapsed_time>1581</elapsed_time><view>experiment</view><event>mouse_move</event><x>45.8056</x><y>18.7778</y></info>
<time>Tue 23. Aug 12:33:58 2016</time><info><hpc_elapsed_time>1525.89</hpc_elapsed_time><elapsed_time>1583</elapsed_time><view>experiment</view><event>mouse_move</event><x>45.8056</x><y>18.8333</y></info>
<time>Tue 23. Aug 12:33:58 2016</time><info><hpc_elapsed_time>1536.03</hpc_elapsed_time><elapsed_time>1593</elapsed_time><view>experiment</view><event>mouse_move</event><x>45.75</x><y>18.8333</y></info>
<time>Tue 23. Aug 12:33:58 2016</time><info><hpc_elapsed_time>1541.91</hpc_elapsed_time><elapsed_time>1599</elapsed_time><view>experiment</view><event>mouse_move</event><x>45.75</x><y>18.8889</y></info>
<time>Tue 23. Aug 12:33:58 2016</time><info><hpc_elapsed_time>1551.76</hpc_elapsed_time><elapsed_time>1609</elapsed_time><view>experiment</view><event>mouse_move</event><x>45.7222</x><y>18.8889</y></info>
<time>Tue 23. Aug 12:33:58 2016</time><info><hpc_elapsed_time>1560.12</hpc_elapsed_time><elapsed_time>1617</elapsed_time><view>experiment</view><event>mouse_move</event><x>45.7222</x><y>18.9444</y></info>
<time>Tue 23. Aug 12:33:58 2016</time><info><hpc_elapsed_time>1568.03</hpc_elapsed_time><elapsed_time>1625</elapsed_time><view>experiment</view><event>mouse_move</event><x>45.6667</x><y>18.9444</y></info>
<time>Tue 23. Aug 12:33:58 2016</time><info><hpc_elapsed_time>1577.92</hpc_elapsed_time><elapsed_time>1635</elapsed_time><view>experiment</view><event>mouse_move</event><x>45.6667</x><y>19</y></info>
<time>Tue 23. Aug 12:33:58 2016</time><info><hpc_elapsed_time>1584.19</hpc_elapsed_time><elapsed_time>1642</elapsed_time><view>experiment</view><event>mouse_move</event><x>45.6389</x><y>19</y></info>
<time>Tue 23. Aug 12:33:58 2016</time><info><hpc_elapsed_time>1600.09</hpc_elapsed_time><elapsed_time>1657</elapsed_time><view>experiment</view><event>mouse_move</event><x>45.5833</x><y>19</y></info>
<time>Tue 23. Aug 12:33:58 2016</time><info><hpc_elapsed_time>1609.83</hpc_elapsed_time><elapsed_time>1667</elapsed_time><view>experiment</view><event>mouse_move</event><x>45.5833</x><y>19.0278</y></info>
<time>Tue 23. Aug 12:33:58 2016</time><info><hpc_elapsed_time>1625.98</hpc_elapsed_time><elapsed_time>1683</elapsed_time><view>experiment</view><event>mouse_move</event><x>45.5556</x><y>19.0278</y></info>
<time>Tue 23. Aug 12:33:58 2016</time><info><hpc_elapsed_time>1650.04</hpc_elapsed_time><elapsed_time>1707</elapsed_time><view>experiment</view><event>mouse_move</event><x>45.5</x><y>19.0278</y></info>
<time>Tue 23. Aug 12:33:58 2016</time><info><hpc_elapsed_time>1658.06</hpc_elapsed_time><elapsed_time>1715</elapsed_time><view>experiment</view><event>mouse_move</event><x>45.5</x><y>19</y></info>
<time>Tue 23. Aug 12:33:58 2016</time><info><hpc_elapsed_time>1663.89</hpc_elapsed_time><elapsed_time>1721</elapsed_time><view>experiment</view><event>mouse_move</event><x>45.4722</x><y>19</y></info>
<time>Tue 23. Aug 12:33:58 2016</time><info><hpc_elapsed_time>1671.77</hpc_elapsed_time><elapsed_time>1729</elapsed_time><view>experiment</view><event>mouse_move</event><x>45.4167</x><y>19</y></info>
<time>Tue 23. Aug 12:33:58 2016</time><info><hpc_elapsed_time>1679.97</hpc_elapsed_time><elapsed_time>1737</elapsed_time><view>experiment</view><event>mouse_move</event><x>45.3889</x><y>19</y></info>
<time>Tue 23. Aug 12:33:58 2016</time><info><hpc_elapsed_time>1681.5</hpc_elapsed_time><elapsed_time>1739</elapsed_time><view>experiment</view><event>mouse_move</event><x>45.3889</x><y>18.9444</y></info>
<time>Tue 23. Aug 12:33:58 2016</time><info><hpc_elapsed_time>1685.53</hpc_elapsed_time><elapsed_time>1743</elapsed_time><view>experiment</view><event>mouse_move</event><x>45.3333</x><y>18.9444</y></info>
<time>Tue 23. Aug 12:33:58 2016</time><info><hpc_elapsed_time>1690.01</hpc_elapsed_time><elapsed_time>1747</elapsed_time><view>experiment</view><event>mouse_move</event><x>45.3056</x><y>18.9444</y></info>
<time>Tue 23. Aug 12:33:58 2016</time><info><hpc_elapsed_time>1691.47</hpc_elapsed_time><elapsed_time>1748</elapsed_time><view>experiment</view><event>mouse_move</event><x>45.3056</x><y>18.8889</y></info>
<time>Tue 23. Aug 12:33:58 2016</time><info><hpc_elapsed_time>1696.27</hpc_elapsed_time><elapsed_time>1753</elapsed_time><view>experiment</view><event>mouse_move</event><x>45.25</x><y>18.8889</y></info>
<time>Tue 23. Aug 12:33:58 2016</time><info><hpc_elapsed_time>1701.02</hpc_elapsed_time><elapsed_time>1758</elapsed_time><view>experiment</view><event>mouse_move</event><x>45.2222</x><y>18.8889</y></info>
<time>Tue 23. Aug 12:33:58 2016</time><info><hpc_elapsed_time>1701.4</hpc_elapsed_time><elapsed_time>1758</elapsed_time><view>experiment</view><event>mouse_move</event><x>45.2222</x><y>18.8333</y></info>
<time>Tue 23. Aug 12:33:58 2016</time><info><hpc_elapsed_time>1703.45</hpc_elapsed_time><elapsed_time>1761</elapsed_time><view>experiment</view><event>mouse_move</event><x>45.1667</x><y>18.8333</y></info>
<time>Tue 23. Aug 12:33:58 2016</time><info><hpc_elapsed_time>1709.98</hpc_elapsed_time><elapsed_time>1767</elapsed_time><view>experiment</view><event>mouse_move</event><x>45.1389</x><y>18.8333</y></info>
<time>Tue 23. Aug 12:33:58 2016</time><info><hpc_elapsed_time>1711.47</hpc_elapsed_time><elapsed_time>1769</elapsed_time><view>experiment</view><event>mouse_move</event><x>45.1389</x><y>18.7778</y></info>
<time>Tue 23. Aug 12:33:58 2016</time><info><hpc_elapsed_time>1715.81</hpc_elapsed_time><elapsed_time>1773</elapsed_time><view>experiment</view><event>mouse_move</event><x>45.0833</x><y>18.7778</y></info>
<time>Tue 23. Aug 12:33:58 2016</time><info><hpc_elapsed_time>1719.64</hpc_elapsed_time><elapsed_time>1777</elapsed_time><view>experiment</view><event>mouse_move</event><x>45.0556</x><y>18.75</y></info>
<time>Tue 23. Aug 12:33:58 2016</time><info><hpc_elapsed_time>1723.88</hpc_elapsed_time><elapsed_time>1781</elapsed_time><view>experiment</view><event>mouse_move</event><x>45</x><y>18.75</y></info>
<time>Tue 23. Aug 12:33:58 2016</time><info><hpc_elapsed_time>1727.97</hpc_elapsed_time><elapsed_time>1785</elapsed_time><view>experiment</view><event>mouse_move</event><x>44.9722</x><y>18.6944</y></info>
<time>Tue 23. Aug 12:33:58 2016</time><info><hpc_elapsed_time>1731.82</hpc_elapsed_time><elapsed_time>1789</elapsed_time><view>experiment</view><event>mouse_move</event><x>44.9167</x><y>18.6944</y></info>
<time>Tue 23. Aug 12:33:58 2016</time><info><hpc_elapsed_time>1735.88</hpc_elapsed_time><elapsed_time>1793</elapsed_time><view>experiment</view><event>mouse_move</event><x>44.8889</x><y>18.6389</y></info>
<time>Tue 23. Aug 12:33:58 2016</time><info><hpc_elapsed_time>1739.98</hpc_elapsed_time><elapsed_time>1797</elapsed_time><view>experiment</view><event>mouse_move</event><x>44.8333</x><y>18.6389</y></info>
<time>Tue 23. Aug 12:33:58 2016</time><info><hpc_elapsed_time>1741.65</hpc_elapsed_time><elapsed_time>1799</elapsed_time><view>experiment</view><event>mouse_move</event><x>44.8333</x><y>18.5833</y></info>
<time>Tue 23. Aug 12:33:58 2016</time><info><hpc_elapsed_time>1743.62</hpc_elapsed_time><elapsed_time>1801</elapsed_time><view>experiment</view><event>mouse_move</event><x>44.8056</x><y>18.5833</y></info>
<time>Tue 23. Aug 12:33:58 2016</time><info><hpc_elapsed_time>1748.11</hpc_elapsed_time><elapsed_time>1805</elapsed_time><view>experiment</view><event>mouse_move</event><x>44.75</x><y>18.5556</y></info>
<time>Tue 23. Aug 12:33:58 2016</time><info><hpc_elapsed_time>1751.89</hpc_elapsed_time><elapsed_time>1809</elapsed_time><view>experiment</view><event>mouse_move</event><x>44.7222</x><y>18.5556</y></info>
<time>Tue 23. Aug 12:33:58 2016</time><info><hpc_elapsed_time>1755.72</hpc_elapsed_time><elapsed_time>1813</elapsed_time><view>experiment</view><event>mouse_move</event><x>44.6667</x><y>18.5</y></info>
<time>Tue 23. Aug 12:33:58 2016</time><info><hpc_elapsed_time>1759.59</hpc_elapsed_time><elapsed_time>1817</elapsed_time><view>experiment</view><event>mouse_move</event><x>44.6389</x><y>18.5</y></info>
<time>Tue 23. Aug 12:33:58 2016</time><info><hpc_elapsed_time>1761.68</hpc_elapsed_time><elapsed_time>1819</elapsed_time><view>experiment</view><event>mouse_move</event><x>44.6389</x><y>18.4444</y></info>
<time>Tue 23. Aug 12:33:58 2016</time><info><hpc_elapsed_time>1765.42</hpc_elapsed_time><elapsed_time>1822</elapsed_time><view>experiment</view><event>mouse_move</event><x>44.5833</x><y>18.4444</y></info>
<time>Tue 23. Aug 12:33:58 2016</time><info><hpc_elapsed_time>1767.36</hpc_elapsed_time><elapsed_time>1825</elapsed_time><view>experiment</view><event>mouse_move</event><x>44.5833</x><y>18.3889</y></info>
<time>Tue 23. Aug 12:33:58 2016</time><info><hpc_elapsed_time>1770.92</hpc_elapsed_time><elapsed_time>1828</elapsed_time><view>experiment</view><event>mouse_move</event><x>44.5556</x><y>18.3889</y></info>
<time>Tue 23. Aug 12:33:58 2016</time><info><hpc_elapsed_time>1773.65</hpc_elapsed_time><elapsed_time>1831</elapsed_time><view>experiment</view><event>mouse_move</event><x>44.5</x><y>18.3889</y></info>
<time>Tue 23. Aug 12:33:58 2016</time><info><hpc_elapsed_time>1775.9</hpc_elapsed_time><elapsed_time>1833</elapsed_time><view>experiment</view><event>mouse_move</event><x>44.5</x><y>18.3333</y></info>
<time>Tue 23. Aug 12:33:58 2016</time><info><hpc_elapsed_time>1779.94</hpc_elapsed_time><elapsed_time>1837</elapsed_time><view>experiment</view><event>mouse_move</event><x>44.4722</x><y>18.3333</y></info>
<time>Tue 23. Aug 12:33:58 2016</time><info><hpc_elapsed_time>1785.77</hpc_elapsed_time><elapsed_time>1843</elapsed_time><view>experiment</view><event>mouse_move</event><x>44.4167</x><y>18.3056</y></info>
<time>Tue 23. Aug 12:33:58 2016</time><info><hpc_elapsed_time>1795.96</hpc_elapsed_time><elapsed_time>1853</elapsed_time><view>experiment</view><event>mouse_move</event><x>44.3889</x><y>18.3056</y></info>
<time>Tue 23. Aug 12:33:58 2016</time><info><hpc_elapsed_time>1805.86</hpc_elapsed_time><elapsed_time>1863</elapsed_time><view>experiment</view><event>mouse_move</event><x>44.3889</x><y>18.25</y></info>
<time>Tue 23. Aug 12:33:58 2016</time><info><hpc_elapsed_time>1924.93</hpc_elapsed_time><elapsed_time>1982</elapsed_time><view>experiment</view><event>mouse_move</event><x>44.3889</x><y>18.3056</y></info>
<time>Tue 23. Aug 12:33:58 2016</time><info><hpc_elapsed_time>1943.5</hpc_elapsed_time><elapsed_time>2001</elapsed_time><call>CY54</call><type>B767</type><control>3</control><xpos>25.6885</xpos><ypos>19.8091</ypos><alt>36000</alt><vel>470</vel><head>-2.32173</head><climb>0</climb><power>0.0870236</power></info>
<time>Tue 23. Aug 12:33:58 2016</time><info><hpc_elapsed_time>1943.67</hpc_elapsed_time><elapsed_time>2001</elapsed_time><call>DK55</call><type>A320</type><control>3</control><xpos>49</xpos><ypos>29.9889</ypos><alt>37000</alt><vel>470</vel><head>-1.5708</head><climb>0</climb><power>0.11249</power></info>
<time>Tue 23. Aug 12:33:58 2016</time><info><hpc_elapsed_time>1943.86</hpc_elapsed_time><elapsed_time>2001</elapsed_time><call>DS48</call><type>B762</type><control>3</control><xpos>59.7778</xpos><ypos>18</ypos><alt>37500</alt><vel>500</vel><head>0</head><climb>0</climb><power>0.439313</power></info>
<time>Tue 23. Aug 12:33:58 2016</time><info><hpc_elapsed_time>1944</hpc_elapsed_time><elapsed_time>2001</elapsed_time><call>FX41</call><type>A320</type><control>3</control><xpos>32.4</xpos><ypos>26.2667</ypos><alt>35000</alt><vel>480</vel><head>1.5708</head><climb>0</climb><power>0.153344</power></info>
<time>Tue 23. Aug 12:33:58 2016</time><info><hpc_elapsed_time>1944.14</hpc_elapsed_time><elapsed_time>2001</elapsed_time><call>FX63</call><type>B764</type><control>3</control><xpos>9.73333</xpos><ypos>35</ypos><alt>35000</alt><vel>480</vel><head>3.14159</head><climb>0</climb><power>0.153344</power></info>
<time>Tue 23. Aug 12:33:58 2016</time><info><hpc_elapsed_time>1944.29</hpc_elapsed_time><elapsed_time>2001</elapsed_time><call>HC42</call><type>A320</type><control>3</control><xpos>49</xpos><ypos>13.4833</ypos><alt>37000</alt><vel>480</vel><head>-1.5708</head><climb>0</climb><power>0.215253</power></info>
<time>Tue 23. Aug 12:33:58 2016</time><info><hpc_elapsed_time>1944.46</hpc_elapsed_time><elapsed_time>2002</elapsed_time><call>JF87</call><type>A330</type><control>2</control><xpos>51.8247</xpos><ypos>43.8537</ypos><alt>40000</alt><vel>480</vel><head>-2.56084</head><climb>0</climb><power>0.114622</power></info>
<time>Tue 23. Aug 12:33:58 2016</time><info><hpc_elapsed_time>1944.61</hpc_elapsed_time><elapsed_time>2002</elapsed_time><call>QJ02</call><type>B762</type><control>3</control><xpos>40.7333</xpos><ypos>35</ypos><alt>35000</alt><vel>480</vel><head>3.14159</head><climb>0</climb><power>0.153344</power></info>
<time>Tue 23. Aug 12:33:58 2016</time><info><hpc_elapsed_time>1944.73</hpc_elapsed_time><elapsed_time>2002</elapsed_time><call>QJ75</call><type>B764</type><control>3</control><xpos>17.8333</xpos><ypos>7.77778</ypos><alt>32000</alt><vel>500</vel><head>-2.2143</head><climb>0</climb><power>0.233035</power></info>
<time>Tue 23. Aug 12:33:58 2016</time><info><hpc_elapsed_time>1944.96</hpc_elapsed_time><elapsed_time>2002</elapsed_time><call>RX29</call><type>B744</type><control>3</control><xpos>34.2667</xpos><ypos>18</ypos><alt>37000</alt><vel>480</vel><head>0</head><climb>0</climb><power>-0.205697</power></info>
<time>Tue 23. Aug 12:33:58 2016</time><info><hpc_elapsed_time>1945.11</hpc_elapsed_time><elapsed_time>2002</elapsed_time><call>TF18</call><type>B767</type><control>7</control><xpos>32.4</xpos><ypos>47.7667</ypos><alt>40000</alt><vel>480</vel><head>1.5708</head><climb>0</climb><power>0.288214</power></info>
<time>Tue 23. Aug 12:33:58 2016</time><info><hpc_elapsed_time>1945.25</hpc_elapsed_time><elapsed_time>2002</elapsed_time><call>TH23</call><type>B762</type><control>3</control><xpos>18</xpos><ypos>30.75</ypos><alt>35000</alt><vel>450</vel><head>-1.5708</head><climb>0</climb><power>-0.111167</power></info>
<time>Tue 23. Aug 12:33:58 2016</time><info><hpc_elapsed_time>1945.4</hpc_elapsed_time><elapsed_time>2003</elapsed_time><call>TK69</call><type>B744</type><control>0</control><xpos>43</xpos><ypos>0.261111</ypos><alt>37000</alt><vel>470</vel><head>1.5708</head><climb>0</climb><power>-0.36108</power></info>
<time>Tue 23. Aug 12:33:58 2016</time><info><hpc_elapsed_time>1983.24</hpc_elapsed_time><elapsed_time>2040</elapsed_time><clock>tick</clock></info>
<time>Tue 23. Aug 12:33:58 2016</time><info><hpc_elapsed_time>1983.46</hpc_elapsed_time><elapsed_time>2041</elapsed_time><view>experiment</view><event>mouse_move</event><x>44.3333</x><y>18.3889</y></info>
<time>Tue 23. Aug 12:33:58 2016</time><info><hpc_elapsed_time>1992.48</hpc_elapsed_time><elapsed_time>2050</elapsed_time><view>experiment</view><event>mouse_move</event><x>44.3056</x><y>18.3889</y></info>
<time>Tue 23. Aug 12:33:58 2016</time><info><hpc_elapsed_time>1994.43</hpc_elapsed_time><elapsed_time>2052</elapsed_time><view>experiment</view><event>mouse_move</event><x>44.3056</x><y>18.4444</y></info>
<time>Tue 23. Aug 12:33:58 2016</time><info><hpc_elapsed_time>2136.31</hpc_elapsed_time><elapsed_time>2193</elapsed_time><view>experiment</view><event>key_press</event><key>?</key></info>
<time>Tue 23. Aug 12:33:58 2016</time><info><elapsed>2194</elapsed><key>?</key></info>
<time>Tue 23. Aug 12:33:59 2016</time><info><log>end</log></info>
